make all --print-data-base --no-builtin-variables --no-builtin-rules --question
# GNU Make 4.2.1
# Built for x86_64-pc-linux-gnu
# Copyright (C) 1988-2016 Free Software Foundation, Inc.
# License GPLv3+: GNU GPL version 3 or later <http://gnu.org/licenses/gpl.html>
# This is free software: you are free to change and redistribute it.
# There is NO WARRANTY, to the extent permitted by law.

# Make data base, printed on Mon Jun 27 13:58:45 2022

# Variables

# automatic
<D = $(patsubst %/,%,$(dir $<))
# automatic
?F = $(notdir $?)
# environment
WSLENV = ELECTRON_RUN_AS_NODE/w:WT_SESSION::WT_PROFILE_ID
# default
.SHELLFLAGS := -c
# environment
VSCODE_LOG_NATIVE = false
# automatic
?D = $(patsubst %/,%,$(dir $?))
# automatic
@D = $(patsubst %/,%,$(dir $@))
# automatic
@F = $(notdir $@)
# makefile
CURDIR := /mnt/d/elm-programs/elm-calc
# makefile
SHELL = /bin/sh
# environment
VSCODE_NLS_CONFIG = {"locale":"en","availableLanguages":{}}
# environment
_ = /mnt/c/Users/MRIDUL/AppData/Local/Programs/Microsoft VS Code/bin/code
# makefile (from 'makefile', line 1)
MAKEFILE_LIST :=  makefile
# 'override' directive
GNUMAKEFLAGS := 
# environment
XDG_DATA_DIRS = /usr/local/share:/usr/share:/var/lib/snapd/desktop
# environment
VSCODE_VERBOSE_LOGGING = true
# environment
VSCODE_CWD = /mnt/c/Users/MRIDUL/AppData/Local/Programs/Microsoft VS Code
# default
MAKE_HOST := x86_64-pc-linux-gnu
# environment
PATH = /home/mridul/.vscode-server/bin/30d9c6cd9483b2cc586687151bcbcd635f373630/bin/remote-cli:/home/mridul/executable:/usr/local/sbin:/usr/local/bin:/usr/sbin:/usr/bin:/sbin:/bin:/usr/games:/usr/local/games:/usr/lib/wsl/lib:/mnt/c/WINDOWS/system32:/mnt/c/WINDOWS:/mnt/c/WINDOWS/System32/Wbem:/mnt/c/WINDOWS/System32/WindowsPowerShell/v1.0/:/mnt/c/WINDOWS/System32/OpenSSH/:/mnt/e/lispstick/emacs-24.3/bin:/mnt/c/Program Files/Git/cmd:/mnt/c/Program Files/nodejs/:/mnt/c/ProgramData/chocolatey/bin:/mnt/c/Program Files (x86)/SMLNJ/bin/:/mnt/c/Program Files (x86)/Moscow ML/bin:/mnt/c/Program Files (x86)/PowerShell/7/:/mnt/c/Users/MRIDUL/AppData/Local/Programs/Python/Python39/Scripts/:/mnt/c/Users/MRIDUL/AppData/Local/Programs/Python/Python39/:/mnt/c/Users/MRIDUL/AppData/Local/Microsoft/WindowsApps:/mnt/c/Program Files (x86)/clisp-2.49:/mnt/c/Users/MRIDUL/AppData/Local/Programs/Microsoft VS Code/bin:/mnt/c/Users/MRIDUL/AppData/Roaming/npm:/mnt/f/IntelliJ IDEA Community Edition 2021.2.2/bin:/snap/bin
# environment
XDG_RUNTIME_DIR = /mnt/wslg/runtime-dir
# environment
VSCODE_LOG_STACK = false
# environment
VSCODE_IPC_HOOK_CLI = /mnt/wslg/runtime-dir/vscode-ipc-48c1b5d1-7665-4fa4-a8ed-d484d733d13f.sock
# default
.FEATURES := target-specific order-only second-expansion else-if shortest-stem undefine oneshell archives jobserver output-sync check-symlink load
# automatic
%F = $(notdir $%)
# environment
DISPLAY = :0
# environment
VSCODE_PIPE_LOGGING = true
# environment
PWD = /mnt/d/elm-programs/elm-calc
# default
.LOADED := 
# environment
WSL_INTEROP = /run/WSL/8_interop
# environment
PULSE_SERVER = /mnt/wslg/PulseServer
# environment
WT_SESSION = 586ea547-8e56-488f-9de1-66e8a78f6f8d
# environment
VSCODE_AMD_ENTRYPOINT = vs/workbench/api/node/extensionHostProcess
# environment
HOME = /home/mridul
# environment
LOGNAME = mridul
# environment
APPLICATION_INSIGHTS_NO_DIAGNOSTIC_CHANNEL = true
# environment
VSCODE_HANDLES_UNCAUGHT_ERRORS = true
# automatic
^D = $(patsubst %/,%,$(dir $^))
# environment
MAKELEVEL := 0
# default
MAKE = $(MAKE_COMMAND)
# default
MAKECMDGOALS := all
# environment
SHLVL = 1
# default
MAKE_VERSION := 4.2.1
# environment
USER = mridul
# makefile
.DEFAULT_GOAL := init
# environment
NAME = Code
# automatic
%D = $(patsubst %/,%,$(dir $%))
# environment
VSCODE_WSL_EXT_LOCATION = /mnt/c/Users/MRIDUL/.vscode/extensions/ms-vscode-remote.remote-wsl-0.66.3
# default
MAKE_COMMAND := make
# default
.VARIABLES := 
# automatic
*F = $(notdir $*)
# makefile
MAKEFLAGS = pqrR
# environment
MFLAGS = -pqrR
# automatic
*D = $(patsubst %/,%,$(dir $*))
# automatic
+D = $(patsubst %/,%,$(dir $+))
# automatic
+F = $(notdir $+)
# environment
VSCODE_HANDLES_SIGPIPE = true
# environment
WT_PROFILE_ID = {61c54bbd-c2c6-5271-96e7-009a87ff44bf}
# default
MAKEFILES := 
# automatic
<F = $(notdir $<)
# environment
LC_ALL = C
# environment
HOSTTYPE = x86_64
# automatic
^F = $(notdir $^)
# default
SUFFIXES := 
# environment
WAYLAND_DISPLAY = wayland-0
# default
.INCLUDE_DIRS = /usr/include /usr/local/include /usr/include
# default
.RECIPEPREFIX := 
# environment
LANG = C
# environment
TERM = xterm-256color
# environment
VSCODE_EXTHOST_WILL_SEND_SOCKET = true
# environment
WSL_DISTRO_NAME = Ubuntu
# variable set hash-table stats:
# Load=70/1024=7%, Rehash=0, Collisions=4/98=4%

# Pattern-specific Variable Values

# No pattern-specific variable values.

# Directories

# . (device 68, inode 562949953483150): 11 files, no impossibilities.

# 11 files, no impossibilities in 1 directories.

# Implicit Rules

# No implicit rules.

# Files

.ONESHELL:
#  Implicit rule search has not been done.
#  Modification time never checked.
#  File has not been updated.

all: init calc_build host
#  Command line target.
#  Implicit rule search has been done.
#  File does not exist.
#  File has been updated.
#  Needs to be updated (-q is set).
# variable set hash-table stats:
# Load=0/32=0%, Rehash=0, Collisions=0/3=0%

# Not a target:
.SUFFIXES:
#  Implicit rule search has not been done.
#  Modification time never checked.
#  File has not been updated.

rebuild: clean all
#  Implicit rule search has not been done.
#  Modification time never checked.
#  File has not been updated.

# Not a target:
makefile:
#  Implicit rule search has been done.
#  Last modified 2022-05-31 15:41:13.0709318
#  File has been updated.
#  Successfully updated.

# Not a target:
.DEFAULT:
#  Implicit rule search has not been done.
#  Modification time never checked.
#  File has not been updated.

clean:
#  Implicit rule search has not been done.
#  Modification time never checked.
#  File has not been updated.
#  recipe to execute (from 'makefile', line 16):
	rm -rf public

init:
#  Implicit rule search has not been done.
#  Implicit/static pattern stem: ''
#  File does not exist.
#  File has been updated.
#  Needs to be updated (-q is set).
# automatic
# @ := init
# automatic
# % := 
# automatic
# * := 
# automatic
# + := 
# automatic
# | := 
# automatic
# < := 
# automatic
# ^ := 
# automatic
# ? := 
# variable set hash-table stats:
# Load=8/32=25%, Rehash=0, Collisions=1/11=9%
#  recipe to execute (from 'makefile', line 4):
	mkdir .public

calc_build:
#  Implicit rule search has not been done.
#  Modification time never checked.
#  File has not been updated.
#  recipe to execute (from 'makefile', line 7):
	elm make src/Main.elm --output=./.public/index.html
	cd ..

host:
#  Implicit rule search has not been done.
#  Modification time never checked.
#  File has not been updated.
#  recipe to execute (from 'makefile', line 11):
	mv ./.public public

# files hash-table stats:
# Load=10/1024=1%, Rehash=0, Collisions=0/27=0%
# VPATH Search Paths

# No 'vpath' search paths.

# No general ('VPATH' variable) search path.

# strcache buffers: 1 (0) / strings = 22 / storage = 186 B / avg = 8 B
# current buf: size = 8162 B / used = 186 B / count = 22 / avg = 8 B

# strcache performance: lookups = 40 / hit rate = 45%
# hash-table stats:
# Load=22/8192=0%, Rehash=0, Collisions=1/40=2%
# Finished Make data base on Mon Jun 27 13:58:45 2022

 
